<?xml version="1.0" encoding="UTF-8"?>
<testsuite xmlns:xsi="http://www.w3.org/2001/XMLSchema-instance" xsi:noNamespaceSchemaLocation="https://maven.apache.org/surefire/maven-surefire-plugin/xsd/surefire-test-report.xsd" name="com.IRS.optaplanner.FuzzyWuzzyTest" time="4.63" tests="1" errors="1" skipped="0" failures="0">
  <properties>
[...]
</properties>
  <testcase name="test" classname="com.IRS.optaplanner.FuzzyWuzzyTest" time="4.629">
    <error message="There are errors in a score DRL:&#10;Error Messages:&#10;Message [id=1, kieBase=defaultKieBase, level=ERROR, path=recommendConstraint.drl, line=34, column=0&#10;   text=Rule Compilation error The method reward(RuleContext, int) is undefined for the type HardSoftScoreHolder]&#10;Message [id=2, kieBase=defaultKieBase, level=ERROR, path=recommendConstraint.drl, line=45, column=0&#10;   text=Rule Compilation error The method reward(RuleContext, int) is undefined for the type HardSoftScoreHolder]&#10;Message [id=3, kieBase=defaultKieBase, level=ERROR, path=recommendConstraint.drl, line=12, column=0&#10;   text=Rule Compilation error The method reward(RuleContext, int) is undefined for the type HardSoftScoreHolder]&#10;Message [id=4, kieBase=defaultKieBase, level=ERROR, path=recommendConstraint.drl, line=23, column=0&#10;   text=Rule Compilation error The method reward(RuleContext, int) is undefined for the type HardSoftScoreHolder]&#10;---&#10;Warning Messages:&#10;---&#10;Info Messages:&#10;" type="java.lang.IllegalStateException">java.lang.IllegalStateException: 
There are errors in a score DRL:
Error Messages:
Message [id=1, kieBase=defaultKieBase, level=ERROR, path=recommendConstraint.drl, line=34, column=0
   text=Rule Compilation error The method reward(RuleContext, int) is undefined for the type HardSoftScoreHolder]
Message [id=2, kieBase=defaultKieBase, level=ERROR, path=recommendConstraint.drl, line=45, column=0
   text=Rule Compilation error The method reward(RuleContext, int) is undefined for the type HardSoftScoreHolder]
Message [id=3, kieBase=defaultKieBase, level=ERROR, path=recommendConstraint.drl, line=12, column=0
   text=Rule Compilation error The method reward(RuleContext, int) is undefined for the type HardSoftScoreHolder]
Message [id=4, kieBase=defaultKieBase, level=ERROR, path=recommendConstraint.drl, line=23, column=0
   text=Rule Compilation error The method reward(RuleContext, int) is undefined for the type HardSoftScoreHolder]
---
Warning Messages:
---
Info Messages:

	at com.IRS.optaplanner.FuzzyWuzzyTest.test(FuzzyWuzzyTest.java:45)
</error>
    <system-err><![CDATA[SLF4J: Failed to load class "org.slf4j.impl.StaticLoggerBinder".
SLF4J: Defaulting to no-operation (NOP) logger implementation
SLF4J: See http://www.slf4j.org/codes.html#StaticLoggerBinder for further details.
Loading class `com.mysql.jdbc.Driver'. This is deprecated. The new driver class is `com.mysql.cj.jdbc.Driver'. The driver is automatically registered via the SPI and manual loading of the driver class is generally unnecessary.
]]></system-err>
  </testcase>
</testsuite>